# JRE version: Java(TM) SE Runtime Environment (8.0_131-b11) (build 1.8.0_131-b11)
# Java VM: Java HotSpot(TM) 64-Bit Server VM (25.131-b11 mixed mode windows-amd64 compressed oops)
Heap:
 PSYoungGen      total 630784K, used 377246K [0x00000000d5a00000, 0x0000000100000000, 0x0000000100000000)
  eden space 593408K, 58% used [0x00000000d5a00000,0x00000000eae10b20,0x00000000f9d80000)
  from space 37376K, 77% used [0x00000000fc480000,0x00000000fe0d6fd8,0x00000000fe900000)
  to   space 39936K, 0% used [0x00000000f9d80000,0x00000000f9d80000,0x00000000fc480000)
 ParOldGen       total 125440K, used 68942K [0x0000000080e00000, 0x0000000088880000, 0x00000000d5a00000)
  object space 125440K, 54% used [0x0000000080e00000,0x0000000085153be0,0x0000000088880000)
 Metaspace       used 31105K, capacity 31395K, committed 31744K, reserved 1077248K
  class space    used 3972K, capacity 4086K, committed 4096K, reserved 1048576K
GC Heap History (10 events):
Event: 6.284 GC heap before
{Heap before GC invocations=10 (full 1):
 PSYoungGen      total 250880K, used 250875K [0x00000000d5a00000, 0x00000000e7000000, 0x0000000100000000)
  eden space 232448K, 100% used [0x00000000d5a00000,0x00000000e3d00000,0x00000000e3d00000)
  from space 18432K, 99% used [0x00000000e5400000,0x00000000e65fec78,0x00000000e6600000)
  to   space 23552K, 0% used [0x00000000e3d00000,0x00000000e3d00000,0x00000000e5400000)
 ParOldGen       total 87552K, used 52460K [0x0000000080e00000, 0x0000000086380000, 0x00000000d5a00000)
  object space 87552K, 59% used [0x0000000080e00000,0x000000008413b170,0x0000000086380000)
 Metaspace       used 19148K, capacity 19406K, committed 19584K, reserved 1067008K
  class space    used 2328K, capacity 2409K, committed 2432K, reserved 1048576K
Event: 6.312 GC heap after
Heap after GC invocations=10 (full 1):
 PSYoungGen      total 256000K, used 23526K [0x00000000d5a00000, 0x00000000f5d00000, 0x0000000100000000)
  eden space 232448K, 0% used [0x00000000d5a00000,0x00000000d5a00000,0x00000000e3d00000)
  from space 23552K, 99% used [0x00000000e3d00000,0x00000000e53f98b0,0x00000000e5400000)
  to   space 31232K, 0% used [0x00000000f3e80000,0x00000000f3e80000,0x00000000f5d00000)
 ParOldGen       total 87552K, used 63428K [0x0000000080e00000, 0x0000000086380000, 0x00000000d5a00000)
  object space 87552K, 72% used [0x0000000080e00000,0x0000000084bf1318,0x0000000086380000)
 Metaspace       used 19148K, capacity 19406K, committed 19584K, reserved 1067008K
  class space    used 2328K, capacity 2409K, committed 2432K, reserved 1048576K
}
Event: 7.319 GC heap before
{Heap before GC invocations=11 (full 1):
 PSYoungGen      total 256000K, used 255974K [0x00000000d5a00000, 0x00000000f5d00000, 0x0000000100000000)
  eden space 232448K, 100% used [0x00000000d5a00000,0x00000000e3d00000,0x00000000e3d00000)
  from space 23552K, 99% used [0x00000000e3d00000,0x00000000e53f98b0,0x00000000e5400000)
  to   space 31232K, 0% used [0x00000000f3e80000,0x00000000f3e80000,0x00000000f5d00000)
 ParOldGen       total 87552K, used 63428K [0x0000000080e00000, 0x0000000086380000, 0x00000000d5a00000)
  object space 87552K, 72% used [0x0000000080e00000,0x0000000084bf1318,0x0000000086380000)
 Metaspace       used 20749K, capacity 21038K, committed 21248K, reserved 1067008K
  class space    used 2661K, capacity 2761K, committed 2816K, reserved 1048576K
Event: 7.348 GC heap after
Heap after GC invocations=11 (full 1):
 PSYoungGen      total 403456K, used 31204K [0x00000000d5a00000, 0x00000000f5d00000, 0x0000000100000000)
  eden space 372224K, 0% used [0x00000000d5a00000,0x00000000d5a00000,0x00000000ec580000)
  from space 31232K, 99% used [0x00000000f3e80000,0x00000000f5cf9190,0x00000000f5d00000)
  to   space 38400K, 0% used [0x00000000f1200000,0x00000000f1200000,0x00000000f3780000)
 ParOldGen       total 87552K, used 72059K [0x0000000080e00000, 0x0000000086380000, 0x00000000d5a00000)
  object space 87552K, 82% used [0x0000000080e00000,0x000000008545eeb8,0x0000000086380000)
 Metaspace       used 20749K, capacity 21038K, committed 21248K, reserved 1067008K
  class space    used 2661K, capacity 2761K, committed 2816K, reserved 1048576K
}
Event: 7.352 GC heap before
{Heap before GC invocations=12 (full 1):
 PSYoungGen      total 403456K, used 38606K [0x00000000d5a00000, 0x00000000f5d00000, 0x0000000100000000)
  eden space 372224K, 1% used [0x00000000d5a00000,0x00000000d613aa58,0x00000000ec580000)
  from space 31232K, 99% used [0x00000000f3e80000,0x00000000f5cf9190,0x00000000f5d00000)
  to   space 38400K, 0% used [0x00000000f1200000,0x00000000f1200000,0x00000000f3780000)
 ParOldGen       total 87552K, used 72059K [0x0000000080e00000, 0x0000000086380000, 0x00000000d5a00000)
  object space 87552K, 82% used [0x0000000080e00000,0x000000008545eeb8,0x0000000086380000)
 Metaspace       used 20761K, capacity 21038K, committed 21248K, reserved 1067008K
  class space    used 2661K, capacity 2761K, committed 2816K, reserved 1048576K
Event: 7.374 GC heap after
Heap after GC invocations=12 (full 1):
 PSYoungGen      total 488960K, used 12207K [0x00000000d5a00000, 0x00000000fe900000, 0x0000000100000000)
  eden space 450560K, 0% used [0x00000000d5a00000,0x00000000d5a00000,0x00000000f1200000)
  from space 38400K, 31% used [0x00000000f1200000,0x00000000f1debe40,0x00000000f3780000)
  to   space 37376K, 0% used [0x00000000fc480000,0x00000000fc480000,0x00000000fe900000)
 ParOldGen       total 98304K, used 91228K [0x0000000080e00000, 0x0000000086e00000, 0x00000000d5a00000)
  object space 98304K, 92% used [0x0000000080e00000,0x0000000086717270,0x0000000086e00000)
 Metaspace       used 20761K, capacity 21038K, committed 21248K, reserved 1067008K
  class space    used 2661K, capacity 2761K, committed 2816K, reserved 1048576K
}
Event: 7.374 GC heap before
{Heap before GC invocations=13 (full 2):
 PSYoungGen      total 488960K, used 12207K [0x00000000d5a00000, 0x00000000fe900000, 0x0000000100000000)
  eden space 450560K, 0% used [0x00000000d5a00000,0x00000000d5a00000,0x00000000f1200000)
  from space 38400K, 31% used [0x00000000f1200000,0x00000000f1debe40,0x00000000f3780000)
  to   space 37376K, 0% used [0x00000000fc480000,0x00000000fc480000,0x00000000fe900000)
 ParOldGen       total 98304K, used 91228K [0x0000000080e00000, 0x0000000086e00000, 0x00000000d5a00000)
  object space 98304K, 92% used [0x0000000080e00000,0x0000000086717270,0x0000000086e00000)
 Metaspace       used 20761K, capacity 21038K, committed 21248K, reserved 1067008K
  class space    used 2661K, capacity 2761K, committed 2816K, reserved 1048576K
Event: 7.556 GC heap after
Heap after GC invocations=13 (full 2):
 PSYoungGen      total 488960K, used 0K [0x00000000d5a00000, 0x00000000fe900000, 0x0000000100000000)
  eden space 450560K, 0% used [0x00000000d5a00000,0x00000000d5a00000,0x00000000f1200000)
  from space 38400K, 0% used [0x00000000f1200000,0x00000000f1200000,0x00000000f3780000)
  to   space 37376K, 0% used [0x00000000fc480000,0x00000000fc480000,0x00000000fe900000)
 ParOldGen       total 125440K, used 68934K [0x0000000080e00000, 0x0000000088880000, 0x00000000d5a00000)
  object space 125440K, 54% used [0x0000000080e00000,0x0000000085151be0,0x0000000088880000)
 Metaspace       used 20761K, capacity 21038K, committed 21248K, reserved 1067008K
  class space    used 2661K, capacity 2761K, committed 2816K, reserved 1048576K
}
Event: 14.247 GC heap before
{Heap before GC invocations=14 (full 2):
 PSYoungGen      total 488960K, used 450560K [0x00000000d5a00000, 0x00000000fe900000, 0x0000000100000000)
  eden space 450560K, 100% used [0x00000000d5a00000,0x00000000f1200000,0x00000000f1200000)
  from space 38400K, 0% used [0x00000000f1200000,0x00000000f1200000,0x00000000f3780000)
  to   space 37376K, 0% used [0x00000000fc480000,0x00000000fc480000,0x00000000fe900000)
 ParOldGen       total 125440K, used 68934K [0x0000000080e00000, 0x0000000088880000, 0x00000000d5a00000)
  object space 125440K, 54% used [0x0000000080e00000,0x0000000085151be0,0x0000000088880000)
 Metaspace       used 27491K, capacity 27797K, committed 28288K, reserved 1073152K
  class space    used 3515K, capacity 3595K, committed 3712K, reserved 1048576K
Event: 14.297 GC heap after
Heap after GC invocations=14 (full 2):
 PSYoungGen      total 630784K, used 29019K [0x00000000d5a00000, 0x0000000100000000, 0x0000000100000000)
  eden space 593408K, 0% used [0x00000000d5a00000,0x00000000d5a00000,0x00000000f9d80000)
  from space 37376K, 77% used [0x00000000fc480000,0x00000000fe0d6fd8,0x00000000fe900000)
  to   space 39936K, 0% used [0x00000000f9d80000,0x00000000f9d80000,0x00000000fc480000)
 ParOldGen       total 125440K, used 68942K [0x0000000080e00000, 0x0000000088880000, 0x00000000d5a00000)
  object space 125440K, 54% used [0x0000000080e00000,0x0000000085153be0,0x0000000088880000)
 Metaspace       used 27491K, capacity 27797K, committed 28288K, reserved 1073152K
  class space    used 3515K, capacity 3595K, committed 3712K, reserved 1048576K
}

